2026-06-16 02:32:23,032 INFO cogent.scheduler: Scheduler started
2026-06-16 02:32:23,036 INFO cogent.scheduler: Loaded 0 scheduled tasks
2026-06-16 02:32:53,320 INFO cogent.scheduler: Scheduler stopped
2026-06-16 02:32:56,740 INFO cogent.scheduler: Scheduler started
2026-06-16 02:32:56,745 INFO cogent.scheduler: Loaded 0 scheduled tasks
2026-06-16 02:46:01,582 INFO [589de3b0-fe8] cogent.scheduler: Scheduler stopped
2026-06-16 02:46:10,441 INFO cogent.scheduler: Scheduler started
2026-06-16 02:46:10,445 INFO cogent.scheduler: Loaded 0 scheduled tasks
2026-06-16 02:51:38,733 INFO [589de3b0-fe8] cogent.scheduler: Scheduler stopped
2026-06-16 02:51:39,675 INFO cogent.scheduler: Scheduler started
2026-06-16 02:51:39,679 INFO cogent.scheduler: Loaded 0 scheduled tasks
2026-06-16 02:51:52,206 INFO cogent.scheduler: Scheduler stopped
2026-06-16 02:51:53,311 INFO cogent.scheduler: Scheduler started
2026-06-16 02:51:53,315 INFO cogent.scheduler: Loaded 0 scheduled tasks
2026-06-16 02:53:52,367 INFO [589de3b0-fe8] cogent.scheduler: Scheduler stopped
2026-06-16 02:54:18,003 INFO cogent.scheduler: Scheduler started
2026-06-16 02:54:18,007 INFO cogent.scheduler: Loaded 0 scheduled tasks
2026-06-16 04:02:40,016 INFO [589de3b0-fe8] cogent.scheduler: Scheduler stopped
2026-06-16 04:21:30,428 INFO cogent.scheduler: Scheduler started
2026-06-16 04:21:30,432 INFO cogent.scheduler: Loaded 0 scheduled tasks
2026-06-16 09:10:53,456 INFO cogent.scheduler: Scheduler started
2026-06-16 09:19:52,650 INFO cogent.scheduler: Scheduler started
2026-06-16 09:27:51,211 INFO cogent.scheduler: Scheduler started
2026-06-16 09:31:41,926 INFO cogent.scheduler: Scheduler started
2026-06-16 09:35:27,333 INFO cogent.scheduler: Scheduler started
2026-06-16 09:37:18,449 INFO cogent.scheduler: Scheduler started
2026-06-16 09:37:18,454 INFO cogent.scheduler: Loaded 0 scheduled tasks
2026-06-16 09:37:18,454 INFO cogent.scheduler: Scheduler stopped
2026-06-16 09:37:41,295 INFO cogent.scheduler: Scheduler started
2026-06-16 09:37:41,299 INFO cogent.scheduler: Loaded 0 scheduled tasks
2026-06-16 09:37:41,300 INFO cogent.scheduler: Scheduler stopped
2026-06-16 09:39:02,528 INFO cogent.scheduler: Scheduler started
2026-06-16 09:39:02,533 INFO cogent.scheduler: Loaded 0 scheduled tasks
2026-06-16 09:39:02,533 INFO cogent.scheduler: Scheduler stopped
2026-06-16 09:40:06,921 INFO cogent.scheduler: Scheduler started
2026-06-16 09:40:06,926 INFO cogent.scheduler: Loaded 0 scheduled tasks
2026-06-16 09:40:06,926 INFO cogent.scheduler: Scheduler stopped
2026-06-16 09:40:42,627 INFO cogent.scheduler: Scheduler started
2026-06-16 09:40:42,632 INFO cogent.scheduler: Loaded 0 scheduled tasks
2026-06-16 09:45:40,086 INFO [39c03b5a-58c] cogent.scheduler: Scheduler stopped
2026-06-16 09:46:08,739 INFO cogent.scheduler: Scheduler started
2026-06-16 12:36:04,444 INFO cogent.scheduler: Scheduler started
2026-06-16 12:36:04,449 INFO cogent.scheduler: Loaded 0 scheduled tasks
2026-06-16 13:04:45,158 INFO [0acb8a99-7f7] cogent.scheduler: Scheduler stopped
2026-06-17 00:39:10,234 INFO cogent.scheduler: Scheduler started
2026-06-17 00:39:10,239 INFO cogent.scheduler: Loaded 0 scheduled tasks
2026-06-17 00:39:50,831 INFO cogent.scheduler: Scheduler stopped
2026-06-17 00:51:58,805 INFO cogent.scheduler: Scheduler started
2026-06-17 00:51:58,810 INFO cogent.scheduler: Loaded 0 scheduled tasks
2026-06-17 03:04:51,466 INFO [d0bb14b2-f39] cogent.scheduler: Scheduler stopped
2026-06-17 03:04:52,504 INFO cogent.scheduler: Scheduler started
2026-06-17 03:04:52,525 INFO cogent.scheduler: Loaded 0 scheduled tasks
2026-06-17 03:04:55,936 INFO cogent.scheduler: Scheduler stopped
2026-06-17 03:04:56,628 INFO cogent.scheduler: Scheduler started
2026-06-17 03:04:56,651 INFO cogent.scheduler: Loaded 0 scheduled tasks
2026-06-17 03:05:24,024 INFO cogent.scheduler: Scheduler stopped
2026-06-17 03:05:24,754 INFO cogent.scheduler: Scheduler started
2026-06-17 03:05:24,778 INFO cogent.scheduler: Loaded 0 scheduled tasks
2026-06-17 03:05:33,100 INFO cogent.scheduler: Scheduler stopped
2026-06-17 03:05:33,884 INFO cogent.scheduler: Scheduler started
2026-06-17 03:05:33,906 INFO cogent.scheduler: Loaded 0 scheduled tasks
2026-06-17 03:05:37,817 INFO cogent.scheduler: Scheduler stopped
2026-06-17 03:05:38,512 INFO cogent.scheduler: Scheduler started
2026-06-17 03:05:38,534 INFO cogent.scheduler: Loaded 0 scheduled tasks
2026-06-17 03:05:44,249 INFO cogent.scheduler: Scheduler stopped
2026-06-17 03:05:45,141 INFO cogent.scheduler: Scheduler started
2026-06-17 03:05:45,162 INFO cogent.scheduler: Loaded 0 scheduled tasks
2026-06-17 03:05:53,486 INFO cogent.scheduler: Scheduler stopped
2026-06-17 03:05:58,131 INFO cogent.scheduler: Scheduler started
2026-06-17 03:05:58,152 INFO cogent.scheduler: Loaded 0 scheduled tasks
2026-06-17 04:16:22,166 WARNING [d0bb14b2-f39] cogent.loop_engine: Verification call failed: Provider kilocode response missing choices[0].message.content
